<?xml version="1.0" encoding="UTF-8"?>
<testsuite name="com.journalplanner.journalplanner.controller.ResourceControllerTest" tests="6" skipped="0" failures="0" errors="0" timestamp="2018-09-13T14:58:49" hostname="velican-Inspiron-5570" time="0.378">
  <properties/>
  <testcase name="testGetAllResourcesAndStatus200" classname="com.journalplanner.journalplanner.controller.ResourceControllerTest" time="0.092"/>
  <testcase name="testGetAllResourcesAndStatus400" classname="com.journalplanner.journalplanner.controller.ResourceControllerTest" time="0.033"/>
  <testcase name="testGetResourcesById" classname="com.journalplanner.journalplanner.controller.ResourceControllerTest" time="0.16"/>
  <testcase name="testGetAllResources" classname="com.journalplanner.journalplanner.controller.ResourceControllerTest" time="0.045"/>
  <testcase name="testGetResourcesByIdAndStatus200" classname="com.journalplanner.journalplanner.controller.ResourceControllerTest" time="0.021"/>
  <testcase name="testGetResourcesByIdAndStatus404" classname="com.journalplanner.journalplanner.controller.ResourceControllerTest" time="0.019"/>
  <system-out><![CDATA[2018-09-13 15:58:48.216  INFO 3628 --- [    Test worker] .b.t.c.SpringBootTestContextBootstrapper : Neither @ContextConfiguration nor @ContextHierarchy found for test class [com.journalplanner.journalplanner.controller.ResourceControllerTest], using SpringBootContextLoader
2018-09-13 15:58:48.217  INFO 3628 --- [    Test worker] o.s.t.c.support.AbstractContextLoader    : Could not detect default resource locations for test class [com.journalplanner.journalplanner.controller.ResourceControllerTest]: no resource found for suffixes {-context.xml, Context.groovy}.
2018-09-13 15:58:48.217  INFO 3628 --- [    Test worker] t.c.s.AnnotationConfigContextLoaderUtils : Could not detect default configuration classes for test class [com.journalplanner.journalplanner.controller.ResourceControllerTest]: ResourceControllerTest does not declare any static, non-private, non-final, nested classes annotated with @Configuration.
2018-09-13 15:58:48.234  INFO 3628 --- [    Test worker] .b.t.c.SpringBootTestContextBootstrapper : Found @SpringBootConfiguration com.journalplanner.journalplanner.JournalplannerApplication for test class com.journalplanner.journalplanner.controller.ResourceControllerTest
2018-09-13 15:58:48.235  INFO 3628 --- [    Test worker] .b.t.c.SpringBootTestContextBootstrapper : Loaded default TestExecutionListener class names from location [META-INF/spring.factories]: [org.springframework.boot.test.autoconfigure.restdocs.RestDocsTestExecutionListener, org.springframework.boot.test.autoconfigure.web.client.MockRestServiceServerResetTestExecutionListener, org.springframework.boot.test.autoconfigure.web.servlet.MockMvcPrintOnlyOnFailureTestExecutionListener, org.springframework.boot.test.autoconfigure.web.servlet.WebDriverTestExecutionListener, org.springframework.boot.test.mock.mockito.MockitoTestExecutionListener, org.springframework.boot.test.mock.mockito.ResetMocksTestExecutionListener, org.springframework.test.context.web.ServletTestExecutionListener, org.springframework.test.context.support.DirtiesContextBeforeModesTestExecutionListener, org.springframework.test.context.support.DependencyInjectionTestExecutionListener, org.springframework.test.context.support.DirtiesContextTestExecutionListener, org.springframework.test.context.transaction.TransactionalTestExecutionListener, org.springframework.test.context.jdbc.SqlScriptsTestExecutionListener]
2018-09-13 15:58:48.235  INFO 3628 --- [    Test worker] .b.t.c.SpringBootTestContextBootstrapper : Using TestExecutionListeners: [org.springframework.test.context.web.ServletTestExecutionListener@4d97c1b3, org.springframework.test.context.support.DirtiesContextBeforeModesTestExecutionListener@2891e6c2, org.springframework.boot.test.mock.mockito.MockitoTestExecutionListener@16180f7f, org.springframework.boot.test.autoconfigure.SpringBootDependencyInjectionTestExecutionListener@74de171b, org.springframework.test.context.support.DirtiesContextTestExecutionListener@7b7ca6a, org.springframework.test.context.transaction.TransactionalTestExecutionListener@20b79ba8, org.springframework.test.context.jdbc.SqlScriptsTestExecutionListener@76821b36, org.springframework.boot.test.autoconfigure.restdocs.RestDocsTestExecutionListener@72e0ac32, org.springframework.boot.test.autoconfigure.web.client.MockRestServiceServerResetTestExecutionListener@4bbdcc9e, org.springframework.boot.test.autoconfigure.web.servlet.MockMvcPrintOnlyOnFailureTestExecutionListener@57cb749a, org.springframework.boot.test.autoconfigure.web.servlet.WebDriverTestExecutionListener@31768efe, org.springframework.boot.test.mock.mockito.ResetMocksTestExecutionListener@460025de]

  .   ____          _            __ _ _
 /\\ / ___'_ __ _ _(_)_ __  __ _ \ \ \ \
( ( )\___ | '_ | '_| | '_ \/ _` | \ \ \ \
 \\/  ___)| |_)| | | | | || (_| |  ) ) ) )
  '  |____| .__|_| |_|_| |_\__, | / / / /
 =========|_|==============|___/=/_/_/_/
 :: Spring Boot ::        (v2.0.4.RELEASE)

2018-09-13 15:58:48.254  INFO 3628 --- [    Test worker] c.j.j.controller.ResourceControllerTest  : Starting ResourceControllerTest on velican-Inspiron-5570 with PID 3628 (started by velican in /home/velican/Documents/solirius/journalplanner)
2018-09-13 15:58:48.255  INFO 3628 --- [    Test worker] c.j.j.controller.ResourceControllerTest  : No active profile set, falling back to default profiles: default
2018-09-13 15:58:48.257  INFO 3628 --- [    Test worker] o.s.w.c.s.GenericWebApplicationContext   : Refreshing org.springframework.web.context.support.GenericWebApplicationContext@27672bff: startup date [Thu Sep 13 15:58:48 BST 2018]; root of context hierarchy
2018-09-13 15:58:48.477  INFO 3628 --- [    Test worker] trationDelegate$BeanPostProcessorChecker : Bean 'org.springframework.transaction.annotation.ProxyTransactionManagementConfiguration' of type [org.springframework.transaction.annotation.ProxyTransactionManagementConfiguration$$EnhancerBySpringCGLIB$$2c160f08] is not eligible for getting processed by all BeanPostProcessors (for example: not eligible for auto-proxying)
2018-09-13 15:58:48.541  INFO 3628 --- [    Test worker] com.zaxxer.hikari.HikariDataSource       : HikariPool-2 - Starting...
2018-09-13 15:58:48.545  INFO 3628 --- [    Test worker] com.zaxxer.hikari.HikariDataSource       : HikariPool-2 - Start completed.
2018-09-13 15:58:48.557  INFO 3628 --- [    Test worker] j.LocalContainerEntityManagerFactoryBean : Building JPA container EntityManagerFactory for persistence unit 'default'
2018-09-13 15:58:48.557  INFO 3628 --- [    Test worker] o.hibernate.jpa.internal.util.LogHelper  : HHH000204: Processing PersistenceUnitInfo [
	name: default
	...]
2018-09-13 15:58:48.563  INFO 3628 --- [    Test worker] org.hibernate.dialect.Dialect            : HHH000400: Using dialect: org.hibernate.dialect.MySQL5Dialect
2018-09-13 15:58:48.631  INFO 3628 --- [    Test worker] j.LocalContainerEntityManagerFactoryBean : Initialized JPA EntityManagerFactory for persistence unit 'default'
2018-09-13 15:58:48.886  INFO 3628 --- [    Test worker] o.s.w.s.handler.SimpleUrlHandlerMapping  : Mapped URL path [/**/favicon.ico] onto handler of type [class org.springframework.web.servlet.resource.ResourceHttpRequestHandler]
2018-09-13 15:58:49.018  INFO 3628 --- [    Test worker] s.w.s.m.m.a.RequestMappingHandlerAdapter : Looking for @ControllerAdvice: org.springframework.web.context.support.GenericWebApplicationContext@27672bff: startup date [Thu Sep 13 15:58:48 BST 2018]; root of context hierarchy
2018-09-13 15:58:49.024  WARN 3628 --- [    Test worker] aWebConfiguration$JpaWebMvcConfiguration : spring.jpa.open-in-view is enabled by default. Therefore, database queries may be performed during view rendering. Explicitly configure spring.jpa.open-in-view to disable this warning
2018-09-13 15:58:49.041  INFO 3628 --- [    Test worker] s.w.s.m.m.a.RequestMappingHandlerMapping : Mapped "{[/api/db/all],methods=[GET]}" onto public java.lang.Iterable<com.journalplanner.journalplanner.model.Db> com.journalplanner.journalplanner.controller.DbController.getAllDbs()
2018-09-13 15:58:49.042  INFO 3628 --- [    Test worker] s.w.s.m.m.a.RequestMappingHandlerMapping : Mapped "{[/api/db/{id}],methods=[GET]}" onto public com.journalplanner.journalplanner.model.Db com.journalplanner.journalplanner.controller.DbController.getDbById(java.lang.Integer)
2018-09-13 15:58:49.042  INFO 3628 --- [    Test worker] s.w.s.m.m.a.RequestMappingHandlerMapping : Mapped "{[/api/db/add],methods=[POST]}" onto public com.journalplanner.journalplanner.model.Db com.journalplanner.journalplanner.controller.DbController.addDb(com.journalplanner.journalplanner.model.Db)
2018-09-13 15:58:49.043  INFO 3628 --- [    Test worker] s.w.s.m.m.a.RequestMappingHandlerMapping : Mapped "{[/api/db/{id}],methods=[PUT]}" onto public com.journalplanner.journalplanner.model.Db com.journalplanner.journalplanner.controller.DbController.updateDb(java.lang.Integer,com.journalplanner.journalplanner.model.Db)
2018-09-13 15:58:49.043  INFO 3628 --- [    Test worker] s.w.s.m.m.a.RequestMappingHandlerMapping : Mapped "{[/api/db/delete/{id}],methods=[DELETE]}" onto public void com.journalplanner.journalplanner.controller.DbController.deleteDbById(java.lang.Integer)
2018-09-13 15:58:49.047  INFO 3628 --- [    Test worker] s.w.s.m.m.a.RequestMappingHandlerMapping : Mapped "{[/api/framework/{id}],methods=[GET]}" onto public com.journalplanner.journalplanner.model.Framework com.journalplanner.journalplanner.controller.FrameworkController.getFrameworkById(java.lang.Integer)
2018-09-13 15:58:49.047  INFO 3628 --- [    Test worker] s.w.s.m.m.a.RequestMappingHandlerMapping : Mapped "{[/api/framework/all],methods=[GET]}" onto public java.lang.Iterable<com.journalplanner.journalplanner.model.Framework> com.journalplanner.journalplanner.controller.FrameworkController.getAllFrameworks()
2018-09-13 15:58:49.048  INFO 3628 --- [    Test worker] s.w.s.m.m.a.RequestMappingHandlerMapping : Mapped "{[/api/framework/add],methods=[POST]}" onto public com.journalplanner.journalplanner.model.Framework com.journalplanner.journalplanner.controller.FrameworkController.addFramework(com.journalplanner.journalplanner.model.Framework)
2018-09-13 15:58:49.049  INFO 3628 --- [    Test worker] s.w.s.m.m.a.RequestMappingHandlerMapping : Mapped "{[/api/framework/{id}],methods=[PUT]}" onto public com.journalplanner.journalplanner.model.Framework com.journalplanner.journalplanner.controller.FrameworkController.updateFramework(java.lang.Integer,com.journalplanner.journalplanner.model.Framework)
2018-09-13 15:58:49.049  INFO 3628 --- [    Test worker] s.w.s.m.m.a.RequestMappingHandlerMapping : Mapped "{[/api/framework/delete/{id}],methods=[DELETE]}" onto public void com.journalplanner.journalplanner.controller.FrameworkController.deleteFrameworkById(java.lang.Integer)
2018-09-13 15:58:49.051  INFO 3628 --- [    Test worker] s.w.s.m.m.a.RequestMappingHandlerMapping : Mapped "{[/api/language/{id}],methods=[GET]}" onto public com.journalplanner.journalplanner.model.Language com.journalplanner.journalplanner.controller.LanguageController.getLanguageById(java.lang.Integer)
2018-09-13 15:58:49.052  INFO 3628 --- [    Test worker] s.w.s.m.m.a.RequestMappingHandlerMapping : Mapped "{[/api/language/all],methods=[GET]}" onto public java.lang.Iterable<com.journalplanner.journalplanner.model.Language> com.journalplanner.journalplanner.controller.LanguageController.getAllLanguages()
2018-09-13 15:58:49.052  INFO 3628 --- [    Test worker] s.w.s.m.m.a.RequestMappingHandlerMapping : Mapped "{[/api/language/add],methods=[POST]}" onto public com.journalplanner.journalplanner.model.Language com.journalplanner.journalplanner.controller.LanguageController.addLanguage(com.journalplanner.journalplanner.model.Language)
2018-09-13 15:58:49.053  INFO 3628 --- [    Test worker] s.w.s.m.m.a.RequestMappingHandlerMapping : Mapped "{[/api/language/{id}],methods=[PUT]}" onto public com.journalplanner.journalplanner.model.Language com.journalplanner.journalplanner.controller.LanguageController.updateLanguage(java.lang.Integer,com.journalplanner.journalplanner.model.Language)
2018-09-13 15:58:49.053  INFO 3628 --- [    Test worker] s.w.s.m.m.a.RequestMappingHandlerMapping : Mapped "{[/api/language/delete/{id}],methods=[DELETE]}" onto public void com.journalplanner.journalplanner.controller.LanguageController.deleteLanguageById(java.lang.Integer)
2018-09-13 15:58:49.055  INFO 3628 --- [    Test worker] s.w.s.m.m.a.RequestMappingHandlerMapping : Mapped "{[/api/project/{id}],methods=[GET]}" onto public com.journalplanner.journalplanner.model.Project com.journalplanner.journalplanner.controller.ProjectController.getProjectById(java.lang.Integer)
2018-09-13 15:58:49.055  INFO 3628 --- [    Test worker] s.w.s.m.m.a.RequestMappingHandlerMapping : Mapped "{[/api/project/all],methods=[GET]}" onto public java.lang.Iterable<com.journalplanner.journalplanner.model.Project> com.journalplanner.journalplanner.controller.ProjectController.getAllProjects()
2018-09-13 15:58:49.056  INFO 3628 --- [    Test worker] s.w.s.m.m.a.RequestMappingHandlerMapping : Mapped "{[/api/project/add],methods=[POST]}" onto public com.journalplanner.journalplanner.model.Project com.journalplanner.journalplanner.controller.ProjectController.addProject(com.journalplanner.journalplanner.model.Project)
2018-09-13 15:58:49.056  INFO 3628 --- [    Test worker] s.w.s.m.m.a.RequestMappingHandlerMapping : Mapped "{[/api/project/{id}],methods=[PUT]}" onto public com.journalplanner.journalplanner.model.Project com.journalplanner.journalplanner.controller.ProjectController.updateProject(java.lang.Integer,com.journalplanner.journalplanner.model.Project)
2018-09-13 15:58:49.056  INFO 3628 --- [    Test worker] s.w.s.m.m.a.RequestMappingHandlerMapping : Mapped "{[/api/project/delete/{id}],methods=[DELETE]}" onto public void com.journalplanner.journalplanner.controller.ProjectController.deleteProjectById(java.lang.Integer)
2018-09-13 15:58:49.058  INFO 3628 --- [    Test worker] s.w.s.m.m.a.RequestMappingHandlerMapping : Mapped "{[/api/resource/add],methods=[POST]}" onto public org.springframework.http.ResponseEntity com.journalplanner.journalplanner.controller.ResourceController.addResource(com.journalplanner.journalplanner.model.Resource)
2018-09-13 15:58:49.059  INFO 3628 --- [    Test worker] s.w.s.m.m.a.RequestMappingHandlerMapping : Mapped "{[/api/resource/{id}],methods=[PUT]}" onto public org.springframework.http.ResponseEntity com.journalplanner.journalplanner.controller.ResourceController.updateResource(java.lang.Integer,com.journalplanner.journalplanner.model.Resource)
2018-09-13 15:58:49.059  INFO 3628 --- [    Test worker] s.w.s.m.m.a.RequestMappingHandlerMapping : Mapped "{[/api/resource/delete/{id}],methods=[DELETE]}" onto public org.springframework.http.ResponseEntity com.journalplanner.journalplanner.controller.ResourceController.deleteResourceById(java.lang.Integer)
2018-09-13 15:58:49.059  INFO 3628 --- [    Test worker] s.w.s.m.m.a.RequestMappingHandlerMapping : Mapped "{[/api/resource/{id}],methods=[GET]}" onto public org.springframework.http.ResponseEntity com.journalplanner.journalplanner.controller.ResourceController.getResourceById(java.lang.Integer)
2018-09-13 15:58:49.060  INFO 3628 --- [    Test worker] s.w.s.m.m.a.RequestMappingHandlerMapping : Mapped "{[/api/resource/all],methods=[GET]}" onto public java.lang.Iterable<com.journalplanner.journalplanner.model.Resource> com.journalplanner.journalplanner.controller.ResourceController.getAllResources()
2018-09-13 15:58:49.061  INFO 3628 --- [    Test worker] s.w.s.m.m.a.RequestMappingHandlerMapping : Mapped "{[/api/technology/delete/{id}],methods=[DELETE]}" onto public void com.journalplanner.journalplanner.controller.TechnologyController.deleteTechnologyById(java.lang.Integer)
2018-09-13 15:58:49.062  INFO 3628 --- [    Test worker] s.w.s.m.m.a.RequestMappingHandlerMapping : Mapped "{[/api/technology/add],methods=[POST]}" onto public com.journalplanner.journalplanner.model.Technology com.journalplanner.journalplanner.controller.TechnologyController.addTechnology(com.journalplanner.journalplanner.model.Technology)
2018-09-13 15:58:49.062  INFO 3628 --- [    Test worker] s.w.s.m.m.a.RequestMappingHandlerMapping : Mapped "{[/api/technology/all],methods=[GET]}" onto public java.lang.Iterable<com.journalplanner.journalplanner.model.Technology> com.journalplanner.journalplanner.controller.TechnologyController.getAllTechnology()
2018-09-13 15:58:49.062  INFO 3628 --- [    Test worker] s.w.s.m.m.a.RequestMappingHandlerMapping : Mapped "{[/api/technology/{id}],methods=[PUT]}" onto public com.journalplanner.journalplanner.model.Technology com.journalplanner.journalplanner.controller.TechnologyController.updateTechnology(java.lang.Integer,com.journalplanner.journalplanner.model.Technology)
2018-09-13 15:58:49.062  INFO 3628 --- [    Test worker] s.w.s.m.m.a.RequestMappingHandlerMapping : Mapped "{[/api/technology/{id}],methods=[GET]}" onto public com.journalplanner.journalplanner.model.Technology com.journalplanner.journalplanner.controller.TechnologyController.getTechnologyById(java.lang.Integer)
2018-09-13 15:58:49.066  INFO 3628 --- [    Test worker] s.w.s.m.m.a.RequestMappingHandlerMapping : Mapped "{[/error],produces=[text/html]}" onto public org.springframework.web.servlet.ModelAndView org.springframework.boot.autoconfigure.web.servlet.error.BasicErrorController.errorHtml(javax.servlet.http.HttpServletRequest,javax.servlet.http.HttpServletResponse)
2018-09-13 15:58:49.066  INFO 3628 --- [    Test worker] s.w.s.m.m.a.RequestMappingHandlerMapping : Mapped "{[/error]}" onto public org.springframework.http.ResponseEntity<java.util.Map<java.lang.String, java.lang.Object>> org.springframework.boot.autoconfigure.web.servlet.error.BasicErrorController.error(javax.servlet.http.HttpServletRequest)
2018-09-13 15:58:49.092  INFO 3628 --- [    Test worker] o.s.w.s.handler.SimpleUrlHandlerMapping  : Mapped URL path [/webjars/**] onto handler of type [class org.springframework.web.servlet.resource.ResourceHttpRequestHandler]
2018-09-13 15:58:49.093  INFO 3628 --- [    Test worker] o.s.w.s.handler.SimpleUrlHandlerMapping  : Mapped URL path [/**] onto handler of type [class org.springframework.web.servlet.resource.ResourceHttpRequestHandler]
2018-09-13 15:58:49.165  INFO 3628 --- [    Test worker] o.s.b.a.w.s.WelcomePageHandlerMapping    : Adding welcome page template: index
2018-09-13 15:58:49.353  INFO 3628 --- [    Test worker] o.s.b.t.m.w.SpringBootMockServletContext : Initializing Spring FrameworkServlet ''
2018-09-13 15:58:49.353  INFO 3628 --- [    Test worker] o.s.t.web.servlet.TestDispatcherServlet  : FrameworkServlet '': initialization started
2018-09-13 15:58:49.367  INFO 3628 --- [    Test worker] o.s.t.web.servlet.TestDispatcherServlet  : FrameworkServlet '': initialization completed in 14 ms
2018-09-13 15:58:49.399  INFO 3628 --- [    Test worker] c.j.j.controller.ResourceControllerTest  : Started ResourceControllerTest in 1.162 seconds (JVM running for 5.879)
2018-09-13 15:58:49.953  INFO 3628 --- [    Test worker] s.w.s.m.m.a.RequestMappingHandlerMapping : Mapped "{[/api/resource/add],methods=[POST]}" onto public org.springframework.http.ResponseEntity com.journalplanner.journalplanner.controller.ResourceController.addResource(com.journalplanner.journalplanner.model.Resource)
2018-09-13 15:58:49.953  INFO 3628 --- [    Test worker] s.w.s.m.m.a.RequestMappingHandlerMapping : Mapped "{[/api/resource/{id}],methods=[PUT]}" onto public org.springframework.http.ResponseEntity com.journalplanner.journalplanner.controller.ResourceController.updateResource(java.lang.Integer,com.journalplanner.journalplanner.model.Resource)
2018-09-13 15:58:49.953  INFO 3628 --- [    Test worker] s.w.s.m.m.a.RequestMappingHandlerMapping : Mapped "{[/api/resource/delete/{id}],methods=[DELETE]}" onto public org.springframework.http.ResponseEntity com.journalplanner.journalplanner.controller.ResourceController.deleteResourceById(java.lang.Integer)
2018-09-13 15:58:49.954  INFO 3628 --- [    Test worker] s.w.s.m.m.a.RequestMappingHandlerMapping : Mapped "{[/api/resource/{id}],methods=[GET]}" onto public org.springframework.http.ResponseEntity com.journalplanner.journalplanner.controller.ResourceController.getResourceById(java.lang.Integer)
2018-09-13 15:58:49.954  INFO 3628 --- [    Test worker] s.w.s.m.m.a.RequestMappingHandlerMapping : Mapped "{[/api/resource/all],methods=[GET]}" onto public java.lang.Iterable<com.journalplanner.journalplanner.model.Resource> com.journalplanner.journalplanner.controller.ResourceController.getAllResources()
2018-09-13 15:58:49.964  INFO 3628 --- [    Test worker] s.w.s.m.m.a.RequestMappingHandlerAdapter : Looking for @ControllerAdvice: org.springframework.test.web.servlet.setup.StubWebApplicationContext@208a5d11
2018-09-13 15:58:49.967  INFO 3628 --- [    Test worker] o.s.mock.web.MockServletContext          : Initializing Spring FrameworkServlet ''
2018-09-13 15:58:49.967  INFO 3628 --- [    Test worker] o.s.t.web.servlet.TestDispatcherServlet  : FrameworkServlet '': initialization started
2018-09-13 15:58:49.967  INFO 3628 --- [    Test worker] o.s.t.web.servlet.TestDispatcherServlet  : FrameworkServlet '': initialization completed in 0 ms
2018-09-13 15:58:50.039  INFO 3628 --- [    Test worker] s.w.s.m.m.a.RequestMappingHandlerMapping : Mapped "{[/api/resource/add],methods=[POST]}" onto public org.springframework.http.ResponseEntity com.journalplanner.journalplanner.controller.ResourceController.addResource(com.journalplanner.journalplanner.model.Resource)
2018-09-13 15:58:50.039  INFO 3628 --- [    Test worker] s.w.s.m.m.a.RequestMappingHandlerMapping : Mapped "{[/api/resource/{id}],methods=[PUT]}" onto public org.springframework.http.ResponseEntity com.journalplanner.journalplanner.controller.ResourceController.updateResource(java.lang.Integer,com.journalplanner.journalplanner.model.Resource)
2018-09-13 15:58:50.040  INFO 3628 --- [    Test worker] s.w.s.m.m.a.RequestMappingHandlerMapping : Mapped "{[/api/resource/delete/{id}],methods=[DELETE]}" onto public org.springframework.http.ResponseEntity com.journalplanner.journalplanner.controller.ResourceController.deleteResourceById(java.lang.Integer)
2018-09-13 15:58:50.040  INFO 3628 --- [    Test worker] s.w.s.m.m.a.RequestMappingHandlerMapping : Mapped "{[/api/resource/{id}],methods=[GET]}" onto public org.springframework.http.ResponseEntity com.journalplanner.journalplanner.controller.ResourceController.getResourceById(java.lang.Integer)
2018-09-13 15:58:50.040  INFO 3628 --- [    Test worker] s.w.s.m.m.a.RequestMappingHandlerMapping : Mapped "{[/api/resource/all],methods=[GET]}" onto public java.lang.Iterable<com.journalplanner.journalplanner.model.Resource> com.journalplanner.journalplanner.controller.ResourceController.getAllResources()
2018-09-13 15:58:50.048  INFO 3628 --- [    Test worker] s.w.s.m.m.a.RequestMappingHandlerAdapter : Looking for @ControllerAdvice: org.springframework.test.web.servlet.setup.StubWebApplicationContext@b23b31a
2018-09-13 15:58:50.050  INFO 3628 --- [    Test worker] o.s.mock.web.MockServletContext          : Initializing Spring FrameworkServlet ''
2018-09-13 15:58:50.050  INFO 3628 --- [    Test worker] o.s.t.web.servlet.TestDispatcherServlet  : FrameworkServlet '': initialization started
2018-09-13 15:58:50.050  INFO 3628 --- [    Test worker] o.s.t.web.servlet.TestDispatcherServlet  : FrameworkServlet '': initialization completed in 0 ms
2018-09-13 15:58:50.064  WARN 3628 --- [    Test worker] .w.s.m.s.DefaultHandlerExceptionResolver : Failed to bind request element: org.springframework.web.method.annotation.MethodArgumentTypeMismatchException: Failed to convert value of type 'java.lang.String' to required type 'java.lang.Integer'; nested exception is java.lang.NumberFormatException: For input string: "alll"
2018-09-13 15:58:50.072  INFO 3628 --- [    Test worker] s.w.s.m.m.a.RequestMappingHandlerMapping : Mapped "{[/api/resource/add],methods=[POST]}" onto public org.springframework.http.ResponseEntity com.journalplanner.journalplanner.controller.ResourceController.addResource(com.journalplanner.journalplanner.model.Resource)
2018-09-13 15:58:50.073  INFO 3628 --- [    Test worker] s.w.s.m.m.a.RequestMappingHandlerMapping : Mapped "{[/api/resource/{id}],methods=[PUT]}" onto public org.springframework.http.ResponseEntity com.journalplanner.journalplanner.controller.ResourceController.updateResource(java.lang.Integer,com.journalplanner.journalplanner.model.Resource)
2018-09-13 15:58:50.073  INFO 3628 --- [    Test worker] s.w.s.m.m.a.RequestMappingHandlerMapping : Mapped "{[/api/resource/delete/{id}],methods=[DELETE]}" onto public org.springframework.http.ResponseEntity com.journalplanner.journalplanner.controller.ResourceController.deleteResourceById(java.lang.Integer)
2018-09-13 15:58:50.073  INFO 3628 --- [    Test worker] s.w.s.m.m.a.RequestMappingHandlerMapping : Mapped "{[/api/resource/{id}],methods=[GET]}" onto public org.springframework.http.ResponseEntity com.journalplanner.journalplanner.controller.ResourceController.getResourceById(java.lang.Integer)
2018-09-13 15:58:50.073  INFO 3628 --- [    Test worker] s.w.s.m.m.a.RequestMappingHandlerMapping : Mapped "{[/api/resource/all],methods=[GET]}" onto public java.lang.Iterable<com.journalplanner.journalplanner.model.Resource> com.journalplanner.journalplanner.controller.ResourceController.getAllResources()
2018-09-13 15:58:50.082  INFO 3628 --- [    Test worker] s.w.s.m.m.a.RequestMappingHandlerAdapter : Looking for @ControllerAdvice: org.springframework.test.web.servlet.setup.StubWebApplicationContext@5f5bc921
2018-09-13 15:58:50.084  INFO 3628 --- [    Test worker] o.s.mock.web.MockServletContext          : Initializing Spring FrameworkServlet ''
2018-09-13 15:58:50.084  INFO 3628 --- [    Test worker] o.s.t.web.servlet.TestDispatcherServlet  : FrameworkServlet '': initialization started
2018-09-13 15:58:50.084  INFO 3628 --- [    Test worker] o.s.t.web.servlet.TestDispatcherServlet  : FrameworkServlet '': initialization completed in 0 ms
2018-09-13 15:58:50.243  INFO 3628 --- [    Test worker] s.w.s.m.m.a.RequestMappingHandlerMapping : Mapped "{[/api/resource/add],methods=[POST]}" onto public org.springframework.http.ResponseEntity com.journalplanner.journalplanner.controller.ResourceController.addResource(com.journalplanner.journalplanner.model.Resource)
2018-09-13 15:58:50.244  INFO 3628 --- [    Test worker] s.w.s.m.m.a.RequestMappingHandlerMapping : Mapped "{[/api/resource/{id}],methods=[PUT]}" onto public org.springframework.http.ResponseEntity com.journalplanner.journalplanner.controller.ResourceController.updateResource(java.lang.Integer,com.journalplanner.journalplanner.model.Resource)
2018-09-13 15:58:50.244  INFO 3628 --- [    Test worker] s.w.s.m.m.a.RequestMappingHandlerMapping : Mapped "{[/api/resource/delete/{id}],methods=[DELETE]}" onto public org.springframework.http.ResponseEntity com.journalplanner.journalplanner.controller.ResourceController.deleteResourceById(java.lang.Integer)
2018-09-13 15:58:50.244  INFO 3628 --- [    Test worker] s.w.s.m.m.a.RequestMappingHandlerMapping : Mapped "{[/api/resource/{id}],methods=[GET]}" onto public org.springframework.http.ResponseEntity com.journalplanner.journalplanner.controller.ResourceController.getResourceById(java.lang.Integer)
2018-09-13 15:58:50.245  INFO 3628 --- [    Test worker] s.w.s.m.m.a.RequestMappingHandlerMapping : Mapped "{[/api/resource/all],methods=[GET]}" onto public java.lang.Iterable<com.journalplanner.journalplanner.model.Resource> com.journalplanner.journalplanner.controller.ResourceController.getAllResources()
2018-09-13 15:58:50.254  INFO 3628 --- [    Test worker] s.w.s.m.m.a.RequestMappingHandlerAdapter : Looking for @ControllerAdvice: org.springframework.test.web.servlet.setup.StubWebApplicationContext@6e4da721
2018-09-13 15:58:50.257  INFO 3628 --- [    Test worker] o.s.mock.web.MockServletContext          : Initializing Spring FrameworkServlet ''
2018-09-13 15:58:50.257  INFO 3628 --- [    Test worker] o.s.t.web.servlet.TestDispatcherServlet  : FrameworkServlet '': initialization started
2018-09-13 15:58:50.257  INFO 3628 --- [    Test worker] o.s.t.web.servlet.TestDispatcherServlet  : FrameworkServlet '': initialization completed in 0 ms
2018-09-13 15:58:50.282  INFO 3628 --- [    Test worker] s.w.s.m.m.a.RequestMappingHandlerMapping : Mapped "{[/api/resource/add],methods=[POST]}" onto public org.springframework.http.ResponseEntity com.journalplanner.journalplanner.controller.ResourceController.addResource(com.journalplanner.journalplanner.model.Resource)
2018-09-13 15:58:50.282  INFO 3628 --- [    Test worker] s.w.s.m.m.a.RequestMappingHandlerMapping : Mapped "{[/api/resource/{id}],methods=[PUT]}" onto public org.springframework.http.ResponseEntity com.journalplanner.journalplanner.controller.ResourceController.updateResource(java.lang.Integer,com.journalplanner.journalplanner.model.Resource)
2018-09-13 15:58:50.282  INFO 3628 --- [    Test worker] s.w.s.m.m.a.RequestMappingHandlerMapping : Mapped "{[/api/resource/delete/{id}],methods=[DELETE]}" onto public org.springframework.http.ResponseEntity com.journalplanner.journalplanner.controller.ResourceController.deleteResourceById(java.lang.Integer)
2018-09-13 15:58:50.283  INFO 3628 --- [    Test worker] s.w.s.m.m.a.RequestMappingHandlerMapping : Mapped "{[/api/resource/{id}],methods=[GET]}" onto public org.springframework.http.ResponseEntity com.journalplanner.journalplanner.controller.ResourceController.getResourceById(java.lang.Integer)
2018-09-13 15:58:50.283  INFO 3628 --- [    Test worker] s.w.s.m.m.a.RequestMappingHandlerMapping : Mapped "{[/api/resource/all],methods=[GET]}" onto public java.lang.Iterable<com.journalplanner.journalplanner.model.Resource> com.journalplanner.journalplanner.controller.ResourceController.getAllResources()
2018-09-13 15:58:50.291  INFO 3628 --- [    Test worker] s.w.s.m.m.a.RequestMappingHandlerAdapter : Looking for @ControllerAdvice: org.springframework.test.web.servlet.setup.StubWebApplicationContext@60f7078b
2018-09-13 15:58:50.293  INFO 3628 --- [    Test worker] o.s.mock.web.MockServletContext          : Initializing Spring FrameworkServlet ''
2018-09-13 15:58:50.293  INFO 3628 --- [    Test worker] o.s.t.web.servlet.TestDispatcherServlet  : FrameworkServlet '': initialization started
2018-09-13 15:58:50.293  INFO 3628 --- [    Test worker] o.s.t.web.servlet.TestDispatcherServlet  : FrameworkServlet '': initialization completed in 0 ms
2018-09-13 15:58:50.304  INFO 3628 --- [    Test worker] s.w.s.m.m.a.RequestMappingHandlerMapping : Mapped "{[/api/resource/add],methods=[POST]}" onto public org.springframework.http.ResponseEntity com.journalplanner.journalplanner.controller.ResourceController.addResource(com.journalplanner.journalplanner.model.Resource)
2018-09-13 15:58:50.304  INFO 3628 --- [    Test worker] s.w.s.m.m.a.RequestMappingHandlerMapping : Mapped "{[/api/resource/{id}],methods=[PUT]}" onto public org.springframework.http.ResponseEntity com.journalplanner.journalplanner.controller.ResourceController.updateResource(java.lang.Integer,com.journalplanner.journalplanner.model.Resource)
2018-09-13 15:58:50.305  INFO 3628 --- [    Test worker] s.w.s.m.m.a.RequestMappingHandlerMapping : Mapped "{[/api/resource/delete/{id}],methods=[DELETE]}" onto public org.springframework.http.ResponseEntity com.journalplanner.journalplanner.controller.ResourceController.deleteResourceById(java.lang.Integer)
2018-09-13 15:58:50.305  INFO 3628 --- [    Test worker] s.w.s.m.m.a.RequestMappingHandlerMapping : Mapped "{[/api/resource/{id}],methods=[GET]}" onto public org.springframework.http.ResponseEntity com.journalplanner.journalplanner.controller.ResourceController.getResourceById(java.lang.Integer)
2018-09-13 15:58:50.305  INFO 3628 --- [    Test worker] s.w.s.m.m.a.RequestMappingHandlerMapping : Mapped "{[/api/resource/all],methods=[GET]}" onto public java.lang.Iterable<com.journalplanner.journalplanner.model.Resource> com.journalplanner.journalplanner.controller.ResourceController.getAllResources()
2018-09-13 15:58:50.313  INFO 3628 --- [    Test worker] s.w.s.m.m.a.RequestMappingHandlerAdapter : Looking for @ControllerAdvice: org.springframework.test.web.servlet.setup.StubWebApplicationContext@70f3b58a
2018-09-13 15:58:50.315  INFO 3628 --- [    Test worker] o.s.mock.web.MockServletContext          : Initializing Spring FrameworkServlet ''
2018-09-13 15:58:50.315  INFO 3628 --- [    Test worker] o.s.t.web.servlet.TestDispatcherServlet  : FrameworkServlet '': initialization started
2018-09-13 15:58:50.316  INFO 3628 --- [    Test worker] o.s.t.web.servlet.TestDispatcherServlet  : FrameworkServlet '': initialization completed in 0 ms
]]></system-out>
  <system-err><![CDATA[]]></system-err>
</testsuite>
